Open SystemVerilog file "uvm_tb/uvm_tb_mult/tb_float_mult_16bit.sv"
  Open include file  "src/half_precision/multiplication/float_mult_16bit.sv" from "uvm_tb/uvm_tb_mult/tb_float_mult_16bit.sv"(2)
    Open include file  "include/fpu_types_pkg.vh" from "src/half_precision/multiplication/float_mult_16bit.sv"(1)
    Close include file "include/fpu_types_pkg.vh"; continuing at "src/half_precision/multiplication/float_mult_16bit.sv"(1)
  Close include file "src/half_precision/multiplication/float_mult_16bit.sv"; continuing at "uvm_tb/uvm_tb_mult/tb_float_mult_16bit.sv"(2)
  Open include file  "uvm_tb/uvm_tb_mult/float_mult_16bit_if.svh" from "uvm_tb/uvm_tb_mult/tb_float_mult_16bit.sv"(5)
    Open include file  "include/fpu_types_pkg.vh" from "uvm_tb/uvm_tb_mult/float_mult_16bit_if.svh"(3)
    Close include file "include/fpu_types_pkg.vh"; continuing at "uvm_tb/uvm_tb_mult/float_mult_16bit_if.svh"(3)
  Close include file "uvm_tb/uvm_tb_mult/float_mult_16bit_if.svh"; continuing at "uvm_tb/uvm_tb_mult/tb_float_mult_16bit.sv"(5)
  Open include file  "uvm_tb/uvm_tb_mult/test.svh" from "uvm_tb/uvm_tb_mult/tb_float_mult_16bit.sv"(8)
    Open include file  "/package/eda/mg/questa10.6b/questasim/uvm-1.2/../verilog_src/uvm-1.2/src/uvm_macros.svh" from "uvm_tb/uvm_tb_mult/test.svh"(2)
      Open include file  "/package/eda/mg/questa10.6b/questasim/uvm-1.2/../verilog_src/uvm-1.2/src/macros/uvm_version_defines.svh" from "/package/eda/mg/questa10.6b/questasim/uvm-1.2/../verilog_src/uvm-1.2/src/uvm_macros.svh"(69)
      Close include file "/package/eda/mg/questa10.6b/questasim/uvm-1.2/../verilog_src/uvm-1.2/src/macros/uvm_version_defines.svh"; continuing at "/package/eda/mg/questa10.6b/questasim/uvm-1.2/../verilog_src/uvm-1.2/src/uvm_macros.svh"(69)
      Open include file  "/package/eda/mg/questa10.6b/questasim/uvm-1.2/../verilog_src/uvm-1.2/src/macros/uvm_global_defines.svh" from "/package/eda/mg/questa10.6b/questasim/uvm-1.2/../verilog_src/uvm-1.2/src/uvm_macros.svh"(70)
      Close include file "/package/eda/mg/questa10.6b/questasim/uvm-1.2/../verilog_src/uvm-1.2/src/macros/uvm_global_defines.svh"; continuing at "/package/eda/mg/questa10.6b/questasim/uvm-1.2/../verilog_src/uvm-1.2/src/uvm_macros.svh"(70)
      Open include file  "/package/eda/mg/questa10.6b/questasim/uvm-1.2/../verilog_src/uvm-1.2/src/macros/uvm_message_defines.svh" from "/package/eda/mg/questa10.6b/questasim/uvm-1.2/../verilog_src/uvm-1.2/src/uvm_macros.svh"(71)
      Close include file "/package/eda/mg/questa10.6b/questasim/uvm-1.2/../verilog_src/uvm-1.2/src/macros/uvm_message_defines.svh"; continuing at "/package/eda/mg/questa10.6b/questasim/uvm-1.2/../verilog_src/uvm-1.2/src/uvm_macros.svh"(71)
      Open include file  "/package/eda/mg/questa10.6b/questasim/uvm-1.2/../verilog_src/uvm-1.2/src/macros/uvm_phase_defines.svh" from "/package/eda/mg/questa10.6b/questasim/uvm-1.2/../verilog_src/uvm-1.2/src/uvm_macros.svh"(72)
      Close include file "/package/eda/mg/questa10.6b/questasim/uvm-1.2/../verilog_src/uvm-1.2/src/macros/uvm_phase_defines.svh"; continuing at "/package/eda/mg/questa10.6b/questasim/uvm-1.2/../verilog_src/uvm-1.2/src/uvm_macros.svh"(72)
      Open include file  "/package/eda/mg/questa10.6b/questasim/uvm-1.2/../verilog_src/uvm-1.2/src/macros/uvm_object_defines.svh" from "/package/eda/mg/questa10.6b/questasim/uvm-1.2/../verilog_src/uvm-1.2/src/uvm_macros.svh"(73)
      Close include file "/package/eda/mg/questa10.6b/questasim/uvm-1.2/../verilog_src/uvm-1.2/src/macros/uvm_object_defines.svh"; continuing at "/package/eda/mg/questa10.6b/questasim/uvm-1.2/../verilog_src/uvm-1.2/src/uvm_macros.svh"(73)
      Open include file  "/package/eda/mg/questa10.6b/questasim/uvm-1.2/../verilog_src/uvm-1.2/src/macros/uvm_printer_defines.svh" from "/package/eda/mg/questa10.6b/questasim/uvm-1.2/../verilog_src/uvm-1.2/src/uvm_macros.svh"(74)
      Close include file "/package/eda/mg/questa10.6b/questasim/uvm-1.2/../verilog_src/uvm-1.2/src/macros/uvm_printer_defines.svh"; continuing at "/package/eda/mg/questa10.6b/questasim/uvm-1.2/../verilog_src/uvm-1.2/src/uvm_macros.svh"(74)
      Open include file  "/package/eda/mg/questa10.6b/questasim/uvm-1.2/../verilog_src/uvm-1.2/src/macros/uvm_tlm_defines.svh" from "/package/eda/mg/questa10.6b/questasim/uvm-1.2/../verilog_src/uvm-1.2/src/uvm_macros.svh"(75)
        Open include file  "/package/eda/mg/questa10.6b/questasim/uvm-1.2/../verilog_src/uvm-1.2/src/tlm1/uvm_tlm_imps.svh" from "/package/eda/mg/questa10.6b/questasim/uvm-1.2/../verilog_src/uvm-1.2/src/macros/uvm_tlm_defines.svh"(616)
        Close include file "/package/eda/mg/questa10.6b/questasim/uvm-1.2/../verilog_src/uvm-1.2/src/tlm1/uvm_tlm_imps.svh"; continuing at "/package/eda/mg/questa10.6b/questasim/uvm-1.2/../verilog_src/uvm-1.2/src/macros/uvm_tlm_defines.svh"(616)
      Close include file "/package/eda/mg/questa10.6b/questasim/uvm-1.2/../verilog_src/uvm-1.2/src/macros/uvm_tlm_defines.svh"; continuing at "/package/eda/mg/questa10.6b/questasim/uvm-1.2/../verilog_src/uvm-1.2/src/uvm_macros.svh"(75)
      Open include file  "/package/eda/mg/questa10.6b/questasim/uvm-1.2/../verilog_src/uvm-1.2/src/macros/uvm_sequence_defines.svh" from "/package/eda/mg/questa10.6b/questasim/uvm-1.2/../verilog_src/uvm-1.2/src/uvm_macros.svh"(76)
      Close include file "/package/eda/mg/questa10.6b/questasim/uvm-1.2/../verilog_src/uvm-1.2/src/macros/uvm_sequence_defines.svh"; continuing at "/package/eda/mg/questa10.6b/questasim/uvm-1.2/../verilog_src/uvm-1.2/src/uvm_macros.svh"(76)
      Open include file  "/package/eda/mg/questa10.6b/questasim/uvm-1.2/../verilog_src/uvm-1.2/src/macros/uvm_callback_defines.svh" from "/package/eda/mg/questa10.6b/questasim/uvm-1.2/../verilog_src/uvm-1.2/src/uvm_macros.svh"(77)
      Close include file "/package/eda/mg/questa10.6b/questasim/uvm-1.2/../verilog_src/uvm-1.2/src/macros/uvm_callback_defines.svh"; continuing at "/package/eda/mg/questa10.6b/questasim/uvm-1.2/../verilog_src/uvm-1.2/src/uvm_macros.svh"(77)
      Open include file  "/package/eda/mg/questa10.6b/questasim/uvm-1.2/../verilog_src/uvm-1.2/src/macros/uvm_reg_defines.svh" from "/package/eda/mg/questa10.6b/questasim/uvm-1.2/../verilog_src/uvm-1.2/src/uvm_macros.svh"(78)
      Close include file "/package/eda/mg/questa10.6b/questasim/uvm-1.2/../verilog_src/uvm-1.2/src/macros/uvm_reg_defines.svh"; continuing at "/package/eda/mg/questa10.6b/questasim/uvm-1.2/../verilog_src/uvm-1.2/src/uvm_macros.svh"(78)
      Open include file  "/package/eda/mg/questa10.6b/questasim/uvm-1.2/../verilog_src/uvm-1.2/src/macros/uvm_deprecated_defines.svh" from "/package/eda/mg/questa10.6b/questasim/uvm-1.2/../verilog_src/uvm-1.2/src/uvm_macros.svh"(79)
      Close include file "/package/eda/mg/questa10.6b/questasim/uvm-1.2/../verilog_src/uvm-1.2/src/macros/uvm_deprecated_defines.svh"; continuing at "/package/eda/mg/questa10.6b/questasim/uvm-1.2/../verilog_src/uvm-1.2/src/uvm_macros.svh"(79)
    Close include file "/package/eda/mg/questa10.6b/questasim/uvm-1.2/../verilog_src/uvm-1.2/src/uvm_macros.svh"; continuing at "uvm_tb/uvm_tb_mult/test.svh"(2)
    Open include file  "uvm_tb/uvm_tb_mult/environment.svh" from "uvm_tb/uvm_tb_mult/test.svh"(3)
      Open include file  "/package/eda/mg/questa10.6b/questasim/uvm-1.2/../verilog_src/uvm-1.2/src/uvm_macros.svh" from "uvm_tb/uvm_tb_mult/environment.svh"(5)
      Close include file "/package/eda/mg/questa10.6b/questasim/uvm-1.2/../verilog_src/uvm-1.2/src/uvm_macros.svh"; continuing at "uvm_tb/uvm_tb_mult/environment.svh"(5)
      Open include file  "uvm_tb/uvm_tb_mult/float_mult_16bit_if.svh" from "uvm_tb/uvm_tb_mult/environment.svh"(6)
      Close include file "uvm_tb/uvm_tb_mult/float_mult_16bit_if.svh"; continuing at "uvm_tb/uvm_tb_mult/environment.svh"(6)
      Open include file  "uvm_tb/uvm_tb_mult/fmult16_agent.svh" from "uvm_tb/uvm_tb_mult/environment.svh"(7)
        Open include file  "/package/eda/mg/questa10.6b/questasim/uvm-1.2/../verilog_src/uvm-1.2/src/uvm_macros.svh" from "uvm_tb/uvm_tb_mult/fmult16_agent.svh"(4)
        Close include file "/package/eda/mg/questa10.6b/questasim/uvm-1.2/../verilog_src/uvm-1.2/src/uvm_macros.svh"; continuing at "uvm_tb/uvm_tb_mult/fmult16_agent.svh"(4)
        Open include file  "uvm_tb/uvm_tb_mult/fmult16_sequence.svh" from "uvm_tb/uvm_tb_mult/fmult16_agent.svh"(5)
          Open include file  "/package/eda/mg/questa10.6b/questasim/uvm-1.2/../verilog_src/uvm-1.2/src/uvm_macros.svh" from "uvm_tb/uvm_tb_mult/fmult16_sequence.svh"(4)
          Close include file "/package/eda/mg/questa10.6b/questasim/uvm-1.2/../verilog_src/uvm-1.2/src/uvm_macros.svh"; continuing at "uvm_tb/uvm_tb_mult/fmult16_sequence.svh"(4)
          Open include file  "uvm_tb/uvm_tb_mult/transaction.svh" from "uvm_tb/uvm_tb_mult/fmult16_sequence.svh"(5)
            Open include file  "/package/eda/mg/questa10.6b/questasim/uvm-1.2/../verilog_src/uvm-1.2/src/uvm_macros.svh" from "uvm_tb/uvm_tb_mult/transaction.svh"(4)
            Close include file "/package/eda/mg/questa10.6b/questasim/uvm-1.2/../verilog_src/uvm-1.2/src/uvm_macros.svh"; continuing at "uvm_tb/uvm_tb_mult/transaction.svh"(4)
          Close include file "uvm_tb/uvm_tb_mult/transaction.svh"; continuing at "uvm_tb/uvm_tb_mult/fmult16_sequence.svh"(5)
        Close include file "uvm_tb/uvm_tb_mult/fmult16_sequence.svh"; continuing at "uvm_tb/uvm_tb_mult/fmult16_agent.svh"(5)
        Open include file  "uvm_tb/uvm_tb_mult/fmult16_sequencer.svh" from "uvm_tb/uvm_tb_mult/fmult16_agent.svh"(6)
          Open include file  "/package/eda/mg/questa10.6b/questasim/uvm-1.2/../verilog_src/uvm-1.2/src/uvm_macros.svh" from "uvm_tb/uvm_tb_mult/fmult16_sequencer.svh"(5)
          Close include file "/package/eda/mg/questa10.6b/questasim/uvm-1.2/../verilog_src/uvm-1.2/src/uvm_macros.svh"; continuing at "uvm_tb/uvm_tb_mult/fmult16_sequencer.svh"(5)
          Open include file  "uvm_tb/uvm_tb_mult/transaction.svh" from "uvm_tb/uvm_tb_mult/fmult16_sequencer.svh"(6)
          Close include file "uvm_tb/uvm_tb_mult/transaction.svh"; continuing at "uvm_tb/uvm_tb_mult/fmult16_sequencer.svh"(6)
        Close include file "uvm_tb/uvm_tb_mult/fmult16_sequencer.svh"; continuing at "uvm_tb/uvm_tb_mult/fmult16_agent.svh"(6)
        Open include file  "uvm_tb/uvm_tb_mult/fmult16_driver.svh" from "uvm_tb/uvm_tb_mult/fmult16_agent.svh"(7)
          Open include file  "/package/eda/mg/questa10.6b/questasim/uvm-1.2/../verilog_src/uvm-1.2/src/uvm_macros.svh" from "uvm_tb/uvm_tb_mult/fmult16_driver.svh"(4)
          Close include file "/package/eda/mg/questa10.6b/questasim/uvm-1.2/../verilog_src/uvm-1.2/src/uvm_macros.svh"; continuing at "uvm_tb/uvm_tb_mult/fmult16_driver.svh"(4)
          Open include file  "uvm_tb/uvm_tb_mult/float_mult_16bit_if.svh" from "uvm_tb/uvm_tb_mult/fmult16_driver.svh"(5)
          Close include file "uvm_tb/uvm_tb_mult/float_mult_16bit_if.svh"; continuing at "uvm_tb/uvm_tb_mult/fmult16_driver.svh"(5)
        Close include file "uvm_tb/uvm_tb_mult/fmult16_driver.svh"; continuing at "uvm_tb/uvm_tb_mult/fmult16_agent.svh"(7)
        Open include file  "uvm_tb/uvm_tb_mult/fmult16_monitor.svh" from "uvm_tb/uvm_tb_mult/fmult16_agent.svh"(8)
          Open include file  "/package/eda/mg/questa10.6b/questasim/uvm-1.2/../verilog_src/uvm-1.2/src/uvm_macros.svh" from "uvm_tb/uvm_tb_mult/fmult16_monitor.svh"(5)
          Close include file "/package/eda/mg/questa10.6b/questasim/uvm-1.2/../verilog_src/uvm-1.2/src/uvm_macros.svh"; continuing at "uvm_tb/uvm_tb_mult/fmult16_monitor.svh"(5)
          Open include file  "uvm_tb/uvm_tb_mult/float_mult_16bit_if.svh" from "uvm_tb/uvm_tb_mult/fmult16_monitor.svh"(6)
          Close include file "uvm_tb/uvm_tb_mult/float_mult_16bit_if.svh"; continuing at "uvm_tb/uvm_tb_mult/fmult16_monitor.svh"(6)
        Close include file "uvm_tb/uvm_tb_mult/fmult16_monitor.svh"; continuing at "uvm_tb/uvm_tb_mult/fmult16_agent.svh"(8)
      Close include file "uvm_tb/uvm_tb_mult/fmult16_agent.svh"; continuing at "uvm_tb/uvm_tb_mult/environment.svh"(7)
      Open include file  "uvm_tb/uvm_tb_mult/fmult16_scoreboard.svh" from "uvm_tb/uvm_tb_mult/environment.svh"(8)
        Open include file  "/package/eda/mg/questa10.6b/questasim/uvm-1.2/../verilog_src/uvm-1.2/src/uvm_macros.svh" from "uvm_tb/uvm_tb_mult/fmult16_scoreboard.svh"(5)
        Close include file "/package/eda/mg/questa10.6b/questasim/uvm-1.2/../verilog_src/uvm-1.2/src/uvm_macros.svh"; continuing at "uvm_tb/uvm_tb_mult/fmult16_scoreboard.svh"(5)
      Close include file "uvm_tb/uvm_tb_mult/fmult16_scoreboard.svh"; continuing at "uvm_tb/uvm_tb_mult/environment.svh"(8)
      Open include file  "uvm_tb/uvm_tb_mult/transaction.svh" from "uvm_tb/uvm_tb_mult/environment.svh"(9)
      Close include file "uvm_tb/uvm_tb_mult/transaction.svh"; continuing at "uvm_tb/uvm_tb_mult/environment.svh"(9)
      Open include file  "uvm_tb/uvm_tb_mult/coverage.svh" from "uvm_tb/uvm_tb_mult/environment.svh"(10)
      Close include file "uvm_tb/uvm_tb_mult/coverage.svh"; continuing at "uvm_tb/uvm_tb_mult/environment.svh"(10)
    Close include file "uvm_tb/uvm_tb_mult/environment.svh"; continuing at "uvm_tb/uvm_tb_mult/test.svh"(3)
  Close include file "uvm_tb/uvm_tb_mult/test.svh"; continuing at "uvm_tb/uvm_tb_mult/tb_float_mult_16bit.sv"(8)
  Open include file  "/package/eda/mg/questa10.6b/questasim/uvm-1.2/../verilog_src/uvm-1.2/src/uvm_macros.svh" from "uvm_tb/uvm_tb_mult/tb_float_mult_16bit.sv"(12)
  Close include file "/package/eda/mg/questa10.6b/questasim/uvm-1.2/../verilog_src/uvm-1.2/src/uvm_macros.svh"; continuing at "uvm_tb/uvm_tb_mult/tb_float_mult_16bit.sv"(12)
Close file "uvm_tb/uvm_tb_mult/tb_float_mult_16bit.sv"
